<?xml version="1.0" encoding="UTF-8"?>
<!-- Generated by org.testng.reporters.JUnitReportReporter -->
<testsuite skipped="0" hostname="MLC02F62ECMD6N.cardinalhealth.net" name="com.ch.tests.DashboardPageTest" tests="5" failures="0" timestamp="2022-05-01T20:25:53 IST" time="297.210" errors="0">
  <testcase name="dashboardpage_scheduledcmrs_validation" time="39.098" classname="com.ch.tests.DashboardPageTest"/>
  <system-out/>
  <testcase name="dashboardpage_claimsreviewandresubmit_validation" time="97.220" classname="com.ch.tests.DashboardPageTest"/>
  <system-out/>
  <testcase name="dashboardpage_adherence_validation" time="43.991" classname="com.ch.tests.DashboardPageTest"/>
  <system-out/>
  <testcase name="dashboardpage_patientsinprogress_validation" time="40.255" classname="com.ch.tests.DashboardPageTest"/>
  <system-out/>
  <testcase name="dashboardpagemultiplesearch_validation" time="76.646" classname="com.ch.tests.DashboardPageTest"/>
  <system-out/>
</testsuite> <!-- com.ch.tests.DashboardPageTest -->
