<?xml version="1.0" encoding="UTF-8"?>
<!-- Generated by org.testng.reporters.JUnitReportReporter -->
<testsuite skipped="0" hostname="MLC02F62ECMD6N.cardinalhealth.net" name="com.ch.tests.TIPPageTest1" tests="2" failures="0" timestamp="2022-02-21T19:51:50 IST" time="144.250" errors="0">
  <testcase name="nointerventionneededtip" time="54.666" classname="com.ch.tests.TIPPageTest1"/>
  <system-out/>
  <testcase name="tiptest_NeedsDrugTherapy_Diabetes_Validation" time="89.584" classname="com.ch.tests.TIPPageTest1"/>
  <system-out/>
</testsuite> <!-- com.ch.tests.TIPPageTest1 -->
