<?xml version="1.0" encoding="UTF-8"?>
<!-- Generated by org.testng.reporters.JUnitReportReporter -->
<testsuite skipped="0" hostname="MLC02D63J8MD6R.cardinalhealth.net" name="com.ch.tests.RefusalreasonPageTest" tests="2" failures="0" timestamp="2022-07-05T08:43:44 EDT" time="17.513" errors="0">
  <testcase name="refusalreasonview_Validation" time="8.378" classname="com.ch.tests.RefusalreasonPageTest"/>
  <system-out/>
  <testcase name="refusalreasonsave_Validation" time="9.135" classname="com.ch.tests.RefusalreasonPageTest"/>
  <system-out/>
</testsuite> <!-- com.ch.tests.RefusalreasonPageTest -->
