<?xml version="1.0" encoding="UTF-8"?>
<!-- Generated by org.testng.reporters.JUnitReportReporter -->
<testsuite skipped="0" hostname="MLC02D63J8MD6R.cardinalhealth.net" name="com.ch.tests.CMRtargetedmembersPageTest" tests="2" failures="0" timestamp="2022-07-05T08:43:44 EDT" time="22.625" errors="0">
  <testcase name="cmrtargetedmemberspage_Validation" time="8.881" classname="com.ch.tests.CMRtargetedmembersPageTest"/>
  <system-out/>
  <testcase name="cmrtargetedmembersdownloadexcel_validation" time="13.744" classname="com.ch.tests.CMRtargetedmembersPageTest"/>
  <system-out/>
</testsuite> <!-- com.ch.tests.CMRtargetedmembersPageTest -->
