<?xml version="1.0" encoding="UTF-8"?>
<!-- Generated by org.testng.reporters.JUnitReportReporter -->
<testsuite skipped="0" hostname="MLC02F62ECMD6N.cardinalhealth.net" name="com.ch.tests.DeleteQueriesTest" tests="2" failures="0" timestamp="2022-04-06T16:51:43 IST" time="29.958" errors="0">
  <testcase name="deleteclaim" time="15.563" classname="com.ch.tests.DeleteQueriesTest"/>
  <system-out/>
  <testcase name="deletetip" time="14.395" classname="com.ch.tests.DeleteQueriesTest"/>
  <system-out/>
</testsuite> <!-- com.ch.tests.DeleteQueriesTest -->
