<?xml version="1.0" encoding="UTF-8"?>
<!-- Generated by org.testng.reporters.JUnitReportReporter -->
<testsuite skipped="0" hostname="MLC02F62ECMD6N.cardinalhealth.net" name="com.ch.tests.PatientNotesPageTest" tests="1" failures="0" timestamp="2022-05-01T23:54:26 IST" time="52.722" errors="0">
  <testcase name="addeditdelete_patientnotes_validation" time="52.722" classname="com.ch.tests.PatientNotesPageTest"/>
  <system-out/>
</testsuite> <!-- com.ch.tests.PatientNotesPageTest -->
