<?xml version="1.0" encoding="UTF-8"?>
<!-- Generated by org.testng.reporters.JUnitReportReporter -->
<testsuite skipped="0" hostname="MLC02D63J8MD6R.cardinalhealth.net" name="com.ch.tests.NINreasonsPageTest" tests="2" failures="0" timestamp="2022-07-05T08:43:44 EDT" time="17.196" errors="0">
  <testcase name="ninreasonsview_Validation" time="8.213" classname="com.ch.tests.NINreasonsPageTest"/>
  <system-out/>
  <testcase name="ninreasonsave_Validation" time="8.983" classname="com.ch.tests.NINreasonsPageTest"/>
  <system-out/>
</testsuite> <!-- com.ch.tests.NINreasonsPageTest -->
