<?xml version="1.0" encoding="UTF-8"?>
<!-- Generated by org.testng.reporters.JUnitReportReporter -->
<testsuite skipped="0" hostname="MLC02F62ECMD6N.cardinalhealth.net" name="com.ch.tests.LoginPageTest" tests="8" failures="0" timestamp="2022-05-01T18:38:52 IST" time="162.476" errors="0">
  <testcase name="login_Validation" time="34.865" classname="com.ch.tests.LoginPageTest"/>
  <system-out/>
  <testcase name="forgotusernamemissingfields_Validation" time="14.350" classname="com.ch.tests.LoginPageTest"/>
  <system-out/>
  <testcase name="signupexistingusername_errorvalidation" time="20.425" classname="com.ch.tests.LoginPageTest"/>
  <system-out/>
  <testcase name="forgotpasswordmissingfields_Validation" time="18.572" classname="com.ch.tests.LoginPageTest"/>
  <system-out/>
  <testcase name="forgotusernamesuccessmsg_Validation" time="15.794" classname="com.ch.tests.LoginPageTest"/>
  <system-out/>
  <testcase name="signupmissingfields_Validation" time="13.228" classname="com.ch.tests.LoginPageTest"/>
  <system-out/>
  <testcase name="signupsuccessful_Validation" time="27.174" classname="com.ch.tests.LoginPageTest"/>
  <system-out/>
  <testcase name="forgotusernameinvaliddata_Validation" time="18.068" classname="com.ch.tests.LoginPageTest"/>
  <system-out/>
</testsuite> <!-- com.ch.tests.LoginPageTest -->
