<?xml version="1.0" encoding="UTF-8"?>
<!-- Generated by org.testng.reporters.JUnitReportReporter -->
<testsuite skipped="0" hostname="MLC02D63J8MD6R.cardinalhealth.net" name="com.ch.tests.AdherencePDCRulesPageTest" tests="2" failures="0" timestamp="2022-07-05T08:43:44 EDT" time="46.529" errors="0">
  <testcase name="adherencepdcaddandeditrules_Validation" time="28.785" classname="com.ch.tests.AdherencePDCRulesPageTest"/>
  <system-out/>
  <testcase name="adherencepdcrules_exportexcelresults_Validation" time="17.744" classname="com.ch.tests.AdherencePDCRulesPageTest"/>
  <system-out/>
</testsuite> <!-- com.ch.tests.AdherencePDCRulesPageTest -->
