<?xml version="1.0" encoding="UTF-8"?>
<!-- Generated by org.testng.reporters.JUnitReportReporter -->
<testsuite skipped="0" hostname="MLC02F62ECMD6N.cardinalhealth.net" name="com.ch.tests.AdhPDCPageTest" tests="1" failures="0" timestamp="2022-12-12T11:53:47 IST" time="34.524" errors="0">
  <testcase name="adherencepdcrules_exportexcelresults_Validation" time="34.524" classname="com.ch.tests.AdhPDCPageTest"/>
  <system-out/>
</testsuite> <!-- com.ch.tests.AdhPDCPageTest -->
