<?xml version="1.0" encoding="UTF-8"?>
<!-- Generated by org.testng.reporters.JUnitReportReporter -->
<testsuite skipped="0" hostname="MLC02D63J8MD6R.cardinalhealth.net" name="com.ch.tests.TIPPerformancePageTest" tests="1" failures="0" timestamp="2022-07-05T08:43:44 EDT" time="350.855" errors="0">
  <testcase name="tipperformance_downloadexcel_validation" time="350.855" classname="com.ch.tests.TIPPerformancePageTest"/>
  <system-out/>
</testsuite> <!-- com.ch.tests.TIPPerformancePageTest -->
