<?xml version="1.0" encoding="UTF-8"?>
<!-- Generated by org.testng.reporters.JUnitReportReporter -->
<testsuite skipped="0" hostname="MLC02F62ECMD6N.cardinalhealth.net" name="com.ch.tests.SearchPageTest" tests="6" failures="0" timestamp="2021-12-13T19:50:21 IST" time="239.708" errors="0">
  <testcase name="SearchByID_Validation" time="43.317" classname="com.ch.tests.SearchPageTest"/>
  <system-out/>
  <testcase name="SearchByphone_Validation" time="38.793" classname="com.ch.tests.SearchPageTest"/>
  <system-out/>
  <testcase name="SearchByclaimID_Validation" time="38.681" classname="com.ch.tests.SearchPageTest"/>
  <system-out/>
  <testcase name="SearchBydob_Validation" time="39.790" classname="com.ch.tests.SearchPageTest"/>
  <system-out/>
  <testcase name="invalidSearch_Validation" time="33.696" classname="com.ch.tests.SearchPageTest"/>
  <system-out/>
  <testcase name="SearchBylastname_Validation" time="45.431" classname="com.ch.tests.SearchPageTest"/>
  <system-out/>
</testsuite> <!-- com.ch.tests.SearchPageTest -->
