<?xml version="1.0" encoding="UTF-8"?>
<!-- Generated by org.testng.reporters.JUnitReportReporter -->
<testsuite skipped="0" hostname="MLC02F62ECMD6N.cardinalhealth.net" name="com.ch.tests.PrescriberfaxPageTest" tests="4" failures="0" timestamp="2022-04-22T18:37:22 IST" time="335.159" errors="0">
  <testcase name="addingrecommendations_prescriberfax_validation" time="106.565" classname="com.ch.tests.PrescriberfaxPageTest"/>
  <system-out/>
  <testcase name="prescriberfaxtab_Validation" time="70.284" classname="com.ch.tests.PrescriberfaxPageTest"/>
  <system-out/>
  <testcase name="saveddocument_prescriberfax_validation" time="84.933" classname="com.ch.tests.PrescriberfaxPageTest"/>
  <system-out/>
  <testcase name="previewdocument_prescriberfax_validation" time="73.377" classname="com.ch.tests.PrescriberfaxPageTest"/>
  <system-out/>
</testsuite> <!-- com.ch.tests.PrescriberfaxPageTest -->
