<?xml version="1.0" encoding="UTF-8"?>
<!-- Generated by org.testng.reporters.JUnitReportReporter -->
<testsuite skipped="0" hostname="MLC02F62ECMD6N.cardinalhealth.net" name="com.ch.tests.ResourcesPageTest" tests="5" failures="0" timestamp="2022-04-29T19:02:37 IST" time="216.649" errors="0">
  <testcase name="cmrworksheetpdfdisplay_Validation" time="50.595" classname="com.ch.tests.ResourcesPageTest"/>
  <system-out/>
  <testcase name="mtmworkflowpdfdisplay_Validation" time="47.703" classname="com.ch.tests.ResourcesPageTest"/>
  <system-out/>
  <testcase name="cmrworkflowpdfdisplay_Validation" time="50.000" classname="com.ch.tests.ResourcesPageTest"/>
  <system-out/>
  <testcase name="resourcestab_Validation" time="35.920" classname="com.ch.tests.ResourcesPageTest"/>
  <system-out/>
  <testcase name="browserdisplay_Validation" time="32.431" classname="com.ch.tests.ResourcesPageTest"/>
  <system-out/>
</testsuite> <!-- com.ch.tests.ResourcesPageTest -->
