<?xml version="1.0" encoding="UTF-8"?>
<!-- Generated by org.testng.reporters.JUnitReportReporter -->
<testsuite skipped="0" hostname="MLC02D63J8MD6R.cardinalhealth.net" name="com.ch.tests.MedicalRulesEnginePageTest" tests="4" failures="0" timestamp="2022-07-05T08:43:44 EDT" time="86.557" errors="0">
  <testcase name="Medicalrulesengine_addrule_Validation" time="25.742" classname="com.ch.tests.MedicalRulesEnginePageTest"/>
  <system-out/>
  <testcase name="Medicalrulesengine_exportall_Validation" time="17.886" classname="com.ch.tests.MedicalRulesEnginePageTest"/>
  <system-out/>
  <testcase name="Medicalrulesengine_editrule_Validation" time="19.510" classname="com.ch.tests.MedicalRulesEnginePageTest"/>
  <system-out/>
  <testcase name="Medicalrulesengine_exportindividualrule_Validation" time="23.419" classname="com.ch.tests.MedicalRulesEnginePageTest"/>
  <system-out/>
</testsuite> <!-- com.ch.tests.MedicalRulesEnginePageTest -->
