<?xml version="1.0" encoding="UTF-8"?>
<!-- Generated by org.testng.reporters.JUnitReportReporter -->
<testsuite skipped="0" hostname="MLC02D63J8MD6R.cardinalhealth.net" name="com.ch.tests.RxEligibilityPageTest" tests="1" failures="0" timestamp="2022-07-05T08:43:44 EDT" time="16.548" errors="0">
  <testcase name="rxeligibilitydownloadexcel_validation" time="16.548" classname="com.ch.tests.RxEligibilityPageTest"/>
  <system-out/>
</testsuite> <!-- com.ch.tests.RxEligibilityPageTest -->
