<?xml version="1.0" encoding="UTF-8"?>
<!-- Generated by org.testng.reporters.JUnitReportReporter -->
<testsuite skipped="0" hostname="MLC02D63J8MD6R.cardinalhealth.net" name="com.ch.tests.PolicyEnginePageTest" tests="4" failures="0" timestamp="2022-07-05T08:43:44 EDT" time="115.129" errors="0">
  <testcase name="policyengine_exportipfrompolicylevel_Validation" time="28.906" classname="com.ch.tests.PolicyEnginePageTest"/>
  <system-out/>
  <testcase name="policyengine_tipcustomization_Validation" time="23.171" classname="com.ch.tests.PolicyEnginePageTest"/>
  <system-out/>
  <testcase name="policyengine_associatingtip_Validation" time="32.235" classname="com.ch.tests.PolicyEnginePageTest"/>
  <system-out/>
  <testcase name="policyengine_bulktipexport_Validation" time="30.817" classname="com.ch.tests.PolicyEnginePageTest"/>
  <system-out/>
</testsuite> <!-- com.ch.tests.PolicyEnginePageTest -->
