<?xml version="1.0" encoding="UTF-8"?>
<!-- Generated by org.testng.reporters.JUnitReportReporter -->
<testsuite skipped="0" hostname="MLC02F62ECMD6N.cardinalhealth.net" name="com.ch.tests.ProfilePageTest" tests="2" failures="0" timestamp="2022-05-04T02:34:16 IST" time="88.097" errors="0">
  <testcase name="profilepagemodify_Validation" time="47.242" classname="com.ch.tests.ProfilePageTest"/>
  <system-out/>
  <testcase name="profilepage_Validation" time="40.855" classname="com.ch.tests.ProfilePageTest"/>
  <system-out/>
</testsuite> <!-- com.ch.tests.ProfilePageTest -->
