<?xml version="1.0" encoding="UTF-8"?>
<!-- Generated by org.testng.reporters.JUnitReportReporter -->
<testsuite skipped="0" hostname="MLC02D63J8MD6R.cardinalhealth.net" name="com.ch.tests.DxRulesEnginePageTest" tests="2" failures="0" timestamp="2022-07-05T08:43:44 EDT" time="40.364" errors="0">
  <testcase name="dxrulesengine_addrule_Validation" time="17.160" classname="com.ch.tests.DxRulesEnginePageTest"/>
  <system-out/>
  <testcase name="dxrulesengine_exportindividualrule_Validation" time="23.204" classname="com.ch.tests.DxRulesEnginePageTest"/>
  <system-out/>
</testsuite> <!-- com.ch.tests.DxRulesEnginePageTest -->
