<?xml version="1.0" encoding="UTF-8"?>
<!-- Generated by org.testng.reporters.JUnitReportReporter -->
<testsuite skipped="0" hostname="MLC02D63J8MD6R.cardinalhealth.net" name="com.ch.tests.RxRulesEnginePageTest" tests="3" failures="0" timestamp="2022-07-05T08:43:44 EDT" time="66.684" errors="0">
  <testcase name="rxrulesengine_addrule_Validation" time="20.035" classname="com.ch.tests.RxRulesEnginePageTest"/>
  <system-out/>
  <testcase name="rxrulesengine_exportrule_Validation" time="28.111" classname="com.ch.tests.RxRulesEnginePageTest"/>
  <system-out/>
  <testcase name="Medicalrulesengine_editrule_Validation" time="18.538" classname="com.ch.tests.RxRulesEnginePageTest"/>
  <system-out/>
</testsuite> <!-- com.ch.tests.RxRulesEnginePageTest -->
