<?xml version="1.0" encoding="UTF-8"?>
<!-- Generated by org.testng.reporters.JUnitReportReporter -->
<testsuite skipped="0" hostname="MLC02D63J8MD6R.cardinalhealth.net" name="com.ch.tests.ClaimsActivityIntranetPageTest" tests="2" failures="0" timestamp="2022-06-02T14:18:01 EDT" time="135.453" errors="0">
  <testcase name="claimsintranetreport_Validation" time="79.938" classname="com.ch.tests.ClaimsActivityIntranetPageTest"/>
  <system-out/>
  <testcase name="cliamsintranetdownloadexcel_validation" time="55.515" classname="com.ch.tests.ClaimsActivityIntranetPageTest"/>
  <system-out/>
</testsuite> <!-- com.ch.tests.ClaimsActivityIntranetPageTest -->
