<?xml version="1.0" encoding="UTF-8"?>
<!-- Generated by org.testng.reporters.JUnitReportReporter -->
<testsuite skipped="0" hostname="MLC02F62ECMD6N.cardinalhealth.net" name="com.ch.tests.ManagePharmaciesPageTest" tests="4" failures="0" timestamp="2022-05-01T20:34:15 IST" time="179.320" errors="0">
  <testcase name="managepharmaciespage_Validation" time="40.557" classname="com.ch.tests.ManagePharmaciesPageTest"/>
  <system-out/>
  <testcase name="invalidpharmacyerror_Validation" time="42.108" classname="com.ch.tests.ManagePharmaciesPageTest"/>
  <system-out/>
  <testcase name="existingpharmacyerror_Validation" time="45.985" classname="com.ch.tests.ManagePharmaciesPageTest"/>
  <system-out/>
  <testcase name="addpharmacysuccessful_Validation" time="50.670" classname="com.ch.tests.ManagePharmaciesPageTest"/>
  <system-out/>
</testsuite> <!-- com.ch.tests.ManagePharmaciesPageTest -->
