<?xml version="1.0" encoding="UTF-8"?>
<!-- Generated by org.testng.reporters.JUnitReportReporter -->
<testsuite skipped="0" hostname="MLC02F62ECMD6N.cardinalhealth.net" name="com.ch.tests.UnfinishedClaimsPageTest" tests="1" failures="0" timestamp="2022-05-01T18:29:57 IST" time="125.996" errors="0">
  <testcase name="unfinishedclaims_successfulValidation" time="125.996" classname="com.ch.tests.UnfinishedClaimsPageTest"/>
  <system-out/>
</testsuite> <!-- com.ch.tests.UnfinishedClaimsPageTest -->
