<?xml version="1.0" encoding="UTF-8"?>
<!-- Generated by org.testng.reporters.JUnitReportReporter -->
<testsuite skipped="0" hostname="LIND24F62ECMD6N.cardinalhealth.net" name="com.ch.testcases.SearchPageTest" tests="1" failures="0" timestamp="2021-11-08T17:49:22 IST" time="45.973" errors="0">
  <testcase name="SearchByID_Validation" time="45.973" classname="com.ch.testcases.SearchPageTest"/>
  <system-out/>
</testsuite> <!-- com.ch.testcases.SearchPageTest -->
