<?xml version="1.0" encoding="UTF-8"?>
<!-- Generated by org.testng.reporters.JUnitReportReporter -->
<testsuite skipped="0" hostname="MLC02F62ECMD6N.cardinalhealth.net" name="com.ch.tests.DatageneratorPageTest" tests="1" failures="0" timestamp="2022-05-02T00:32:18 IST" time="121.667" errors="0">
  <testcase name="createtip" time="121.667" classname="com.ch.tests.DatageneratorPageTest"/>
  <system-out/>
</testsuite> <!-- com.ch.tests.DatageneratorPageTest -->
