<?xml version="1.0" encoding="UTF-8"?>
<!-- Generated by org.testng.reporters.JUnitReportReporter -->
<testsuite skipped="0" hostname="MLC02F62ECMD6N.cardinalhealth.net" name="com.ch.tests.ClientReportsPageTest" tests="7" failures="0" timestamp="2022-07-01T17:11:24 IST" time="885.115" errors="0">
  <testcase name="mtmclaimsreport_downloadexcelandtext_clientvalidation" time="138.836" classname="com.ch.tests.ClientReportsPageTest"/>
  <system-out/>
  <testcase name="oppsbycenterreportdownloadexcelandtext_Clientvalidation" time="130.797" classname="com.ch.tests.ClientReportsPageTest"/>
  <system-out/>
  <testcase name="claimactivityreport_downloadexcel_clientvalidation" time="132.729" classname="com.ch.tests.ClientReportsPageTest"/>
  <system-out/>
  <testcase name="currenttipsreportdownloadexcelandtext_clientvalidation" time="165.177" classname="com.ch.tests.ClientReportsPageTest"/>
  <system-out/>
  <testcase name="tipperformancereportdownloadexcelandtext_clientvalidation" time="143.641" classname="com.ch.tests.ClientReportsPageTest"/>
  <system-out/>
  <testcase name="denyrequest_clientvalidation" time="89.796" classname="com.ch.tests.ClientReportsPageTest"/>
  <system-out/>
  <testcase name="approverequest_clientvalidation" time="84.139" classname="com.ch.tests.ClientReportsPageTest"/>
  <system-out/>
</testsuite> <!-- com.ch.tests.ClientReportsPageTest -->
