<?xml version="1.0" encoding="UTF-8"?>
<!-- Generated by org.testng.reporters.JUnitReportReporter -->
<testsuite skipped="0" hostname="MLC02F62ECMD6N.cardinalhealth.net" name="com.ch.tests.ManagePharmaciesPageTest" tests="1" failures="0" timestamp="2022-04-18T14:51:10 IST" time="50.421" errors="0">
  <testcase name="newpharmacyapprovalValidationandDeletion" time="50.421" classname="com.ch.tests.ManagePharmaciesPageTest"/>
  <system-out/>
</testsuite> <!-- com.ch.tests.ManagePharmaciesPageTest -->
