<?xml version="1.0" encoding="UTF-8"?>
<!-- Generated by org.testng.reporters.JUnitReportReporter -->
<testsuite skipped="0" hostname="MLC02F62ECMD6N.cardinalhealth.net" name="com.ch.pages.ClaimsSubmissionTest" tests="1" failures="0" timestamp="2021-12-06T16:44:29 IST" time="58.173" errors="0">
  <testcase name="ClaimsSubmission" time="58.173" classname="com.ch.pages.ClaimsSubmissionTest"/>
  <system-out/>
</testsuite> <!-- com.ch.pages.ClaimsSubmissionTest -->
