<?xml version="1.0" encoding="UTF-8"?>
<!-- Generated by org.testng.reporters.JUnitReportReporter -->
<testsuite skipped="0" hostname="MLC02F62ECMD6N.cardinalhealth.net" name="com.ch.tests.ResourcesPageTest2" tests="1" failures="0" timestamp="2022-04-14T15:51:39 IST" time="44.164" errors="0">
  <testcase name="cmrworksheetpdfdisplay_Validation" time="44.164" classname="com.ch.tests.ResourcesPageTest2"/>
  <system-out/>
</testsuite> <!-- com.ch.tests.ResourcesPageTest2 -->
