<?xml version="1.0" encoding="UTF-8"?>
<!-- Generated by org.testng.reporters.JUnitReportReporter -->
<testsuite skipped="0" hostname="LIND24F62ECMD6N.cardinalhealth.net" name="com.ch.testcases.LoginPageTest" tests="1" failures="0" timestamp="2021-11-08T16:41:11 IST" time="30.124" errors="0">
  <testcase name="loginTest" time="30.124" classname="com.ch.testcases.LoginPageTest"/>
  <system-out/>
</testsuite> <!-- com.ch.testcases.LoginPageTest -->
