<?xml version="1.0" encoding="UTF-8"?>
<!-- Generated by org.testng.reporters.JUnitReportReporter -->
<testsuite skipped="0" hostname="MLC02F62ECMD6N.cardinalhealth.net" name="com.ch.tests.AccountsecurityPageTest" tests="1" failures="0" timestamp="2022-04-07T17:30:22 IST" time="43.980" errors="0">
  <testcase name="passwordsecurityreq_Validation" time="43.980" classname="com.ch.tests.AccountsecurityPageTest"/>
  <system-out/>
</testsuite> <!-- com.ch.tests.AccountsecurityPageTest -->
