<?xml version="1.0" encoding="UTF-8"?>
<!-- Generated by org.testng.reporters.JUnitReportReporter -->
<testsuite skipped="0" hostname="MLC02F62ECMD6N.cardinalhealth.net" name="com.ch.tests.PatientNotesPageTest" tests="1" failures="0" timestamp="2022-11-01T19:52:54 IST" time="103.149" errors="0">
  <testcase name="addeditdelete_patientnotes_validation" time="103.149" classname="com.ch.tests.PatientNotesPageTest"/>
  <system-out/>
</testsuite> <!-- com.ch.tests.PatientNotesPageTest -->
