<?xml version="1.0" encoding="UTF-8"?>
<!-- Generated by org.testng.reporters.JUnitReportReporter -->
<testsuite skipped="0" hostname="MLC02F62ECMD6N.cardinalhealth.net" name="com.ch.tests.ClaimsSubmissionPageTest" tests="1" failures="0" timestamp="2022-11-01T19:58:59 IST" time="179.374" errors="0">
  <testcase name="submissionandcancellationofClaims_validation" time="179.374" classname="com.ch.tests.ClaimsSubmissionPageTest"/>
  <system-out/>
</testsuite> <!-- com.ch.tests.ClaimsSubmissionPageTest -->
