<?xml version="1.0" encoding="UTF-8"?>
<!-- Generated by org.testng.reporters.JUnitReportReporter -->
<testsuite skipped="0" hostname="MLC02F62ECMD6N.cardinalhealth.net" name="com.ch.tests.ProfilePageTest" tests="3" failures="0" timestamp="2022-04-05T02:14:30 IST" time="95.211" errors="0">
  <testcase name="profilepage_Validation" time="30.031" classname="com.ch.tests.ProfilePageTest"/>
  <system-out/>
  <testcase name="profilepageMissingdata_Validation" time="31.816" classname="com.ch.tests.ProfilePageTest"/>
  <system-out/>
  <testcase name="profilepagemodify_Validation" time="33.364" classname="com.ch.tests.ProfilePageTest"/>
  <system-out/>
</testsuite> <!-- com.ch.tests.ProfilePageTest -->
