<?xml version="1.0" encoding="UTF-8"?>
<!-- Generated by org.testng.reporters.JUnitReportReporter -->
<testsuite skipped="0" hostname="MLC02F62ECMD6N.cardinalhealth.net" name="com.ch.tests.TIPPageTest" tests="1" failures="0" timestamp="2022-11-02T00:21:56 IST" time="69.111" errors="0">
  <testcase name="tiptest_nointerventionneededtip" time="69.111" classname="com.ch.tests.TIPPageTest"/>
  <system-out/>
</testsuite> <!-- com.ch.tests.TIPPageTest -->
