<?xml version="1.0" encoding="UTF-8"?>
<!-- Generated by org.testng.reporters.JUnitReportReporter -->
<testsuite skipped="0" hostname="MLC02F62ECMD6N.cardinalhealth.net" name="com.ch.tests.PersonalInfoPageTest" tests="1" failures="0" timestamp="2022-04-05T02:10:48 IST" time="29.971" errors="0">
  <testcase name="personalinfo_Validation" time="29.971" classname="com.ch.tests.PersonalInfoPageTest"/>
  <system-out/>
</testsuite> <!-- com.ch.tests.PersonalInfoPageTest -->
