<?xml version="1.0" encoding="UTF-8"?>
<!-- Generated by org.testng.reporters.JUnitReportReporter -->
<testsuite skipped="0" hostname="MLC02F62ECMD6N.cardinalhealth.net" name="com.ch.tests.TIPdatageneratorDBPageTest2" tests="1" failures="0" timestamp="2022-01-27T15:40:18 IST" time="95.784" errors="0">
  <testcase name="tiptest_NeedsdiseaseStateEducation_Diabetes_Validation" time="95.784" classname="com.ch.tests.TIPdatageneratorDBPageTest2"/>
  <system-out/>
</testsuite> <!-- com.ch.tests.TIPdatageneratorDBPageTest2 -->
