<?xml version="1.0" encoding="UTF-8"?>
<!-- Generated by org.testng.reporters.JUnitReportReporter -->
<testsuite skipped="0" hostname="MLC02F62ECMD6N.cardinalhealth.net" name="com.ch.tests.DashboardPageTest" tests="1" failures="0" timestamp="2022-11-01T20:08:55 IST" time="120.298" errors="0">
  <testcase name="dashboardpagemultiplesearch_validation" time="120.298" classname="com.ch.tests.DashboardPageTest"/>
  <system-out/>
</testsuite> <!-- com.ch.tests.DashboardPageTest -->
