<?xml version="1.0" encoding="UTF-8"?>
<!-- Generated by org.testng.reporters.JUnitReportReporter -->
<testsuite skipped="0" hostname="MLC02F62ECMD6N.cardinalhealth.net" name="com.ch.tests.ResourcesPageTest" tests="3" failures="0" timestamp="2022-04-22T13:36:34 IST" time="122.470" errors="0">
  <testcase name="cmrworksheetpdfdisplay_Validation" time="40.612" classname="com.ch.tests.ResourcesPageTest"/>
  <system-out/>
  <testcase name="cmrworkflowpdfdisplay_Validation" time="43.196" classname="com.ch.tests.ResourcesPageTest"/>
  <system-out/>
  <testcase name="mtmworkflowpdfdisplay_Validation" time="38.662" classname="com.ch.tests.ResourcesPageTest"/>
  <system-out/>
</testsuite> <!-- com.ch.tests.ResourcesPageTest -->
