<?xml version="1.0" encoding="UTF-8"?>
<!-- Generated by org.testng.reporters.JUnitReportReporter -->
<testsuite skipped="0" hostname="MLC02F62ECMD6N.cardinalhealth.net" name="com.ch.tests.SwaggerPageTest" tests="1" failures="0" timestamp="2022-01-27T17:11:14 IST" time="8.297" errors="0">
  <testcase name="deletetip" time="8.297" classname="com.ch.tests.SwaggerPageTest"/>
  <system-out/>
</testsuite> <!-- com.ch.tests.SwaggerPageTest -->
