<?xml version="1.0" encoding="UTF-8"?>
<!-- Generated by org.testng.reporters.JUnitReportReporter -->
<testsuite skipped="0" hostname="MLC02F62ECMD6N.cardinalhealth.net" name="com.ch.tests.PatientProfilePageTest" tests="1" failures="0" timestamp="2022-03-22T12:43:51 IST" time="42.212" errors="0">
  <testcase name="patientprofile_Validation" time="42.212" classname="com.ch.tests.PatientProfilePageTest"/>
  <system-out/>
</testsuite> <!-- com.ch.tests.PatientProfilePageTest -->
