<?xml version="1.0" encoding="UTF-8"?>
<!-- Generated by org.testng.reporters.JUnitReportReporter -->
<testsuite skipped="0" hostname="LOH070XPGH4JK77.cardinalhealth.net" name="com.ch.tests.FailedCMRTest" tests="1" failures="0" timestamp="2020-07-02T14:53:41 EDT" time="48.086" errors="0">
  <testcase name="FailedCMR1" time="48.086" classname="com.ch.tests.FailedCMRTest"/>
  <system-out/>
</testsuite> <!-- com.ch.tests.FailedCMRTest -->
