<?xml version="1.0" encoding="UTF-8"?>
<!-- Generated by org.testng.reporters.JUnitReportReporter -->
<testsuite skipped="0" hostname="LOH070XPGH4JK77.cardinalhealth.net" name="com.ch.tests.SearchFunctionalityTest" tests="1" failures="0" timestamp="2020-07-02T14:53:41 EDT" time="22.928" errors="0">
  <testcase name="SearchTestByID" time="22.928" classname="com.ch.tests.SearchFunctionalityTest"/>
  <system-out/>
</testsuite> <!-- com.ch.tests.SearchFunctionalityTest -->
