<?xml version="1.0" encoding="UTF-8"?>
<!-- Generated by org.testng.reporters.JUnitReportReporter -->
<testsuite skipped="0" hostname="LOH070XPGH4JK77.cardinalhealth.net" name="com.ch.tests.ClaimsSubmissionTest" tests="1" failures="0" timestamp="2020-07-02T14:53:41 EDT" time="51.598" errors="0">
  <testcase name="ClaimsSubmission" time="51.598" classname="com.ch.tests.ClaimsSubmissionTest"/>
  <system-out/>
</testsuite> <!-- com.ch.tests.ClaimsSubmissionTest -->
