<?xml version="1.0" encoding="UTF-8"?>
<!-- Generated by org.testng.reporters.JUnitReportReporter -->
<testsuite skipped="0" hostname="LOH070XPGH4JK77.cardinalhealth.net" name="com.ch.tests.LoginTest" tests="2" failures="0" timestamp="2020-07-02T14:53:41 EDT" time="33.467" errors="0">
  <testcase name="postiveLoginTest" time="13.586" classname="com.ch.tests.LoginTest"/>
  <system-out/>
  <testcase name="negativeLoginTest" time="19.881" classname="com.ch.tests.LoginTest"/>
  <system-out/>
</testsuite> <!-- com.ch.tests.LoginTest -->
